[INFO] Scanning for projects...
[INFO] 
[INFO] --------------------------< com.project:PMS >---------------------------
[INFO] Building PMS 0.0.1-SNAPSHOT
[INFO] --------------------------------[ jar ]---------------------------------
[INFO] 
[INFO] --- maven-clean-plugin:3.3.2:clean (default-clean) @ PMS ---
[INFO] Deleting C:\Users\86171\Desktop\1\PMS\target
[INFO] 
[INFO] --- maven-resources-plugin:3.3.1:resources (default-resources) @ PMS ---
[INFO] Copying 1 resource from src\main\resources to target\classes
[INFO] Copying 13 resources from src\main\resources to target\classes
[INFO] 
[INFO] --- maven-compiler-plugin:3.8.1:compile (default-compile) @ PMS ---
[INFO] Changes detected - recompiling the module!
[INFO] Compiling 149 source files to C:\Users\86171\Desktop\1\PMS\target\classes
[INFO] /C:/Users/86171/Desktop/1/PMS/src/main/java/com/project/pms/utils/JwtUtil.java: C:\Users\86171\Desktop\1\PMS\src\main\java\com\project\pms\utils\JwtUtil.java使用或覆盖了已过时的 API。
[INFO] /C:/Users/86171/Desktop/1/PMS/src/main/java/com/project/pms/utils/JwtUtil.java: 有关详细信息, 请使用 -Xlint:deprecation 重新编译。
[INFO] /C:/Users/86171/Desktop/1/PMS/src/main/java/com/project/pms/utils/RedisUtil.java: C:\Users\86171\Desktop\1\PMS\src\main\java\com\project\pms\utils\RedisUtil.java使用了未经检查或不安全的操作。
[INFO] /C:/Users/86171/Desktop/1/PMS/src/main/java/com/project/pms/utils/RedisUtil.java: 有关详细信息, 请使用 -Xlint:unchecked 重新编译。
[INFO] -------------------------------------------------------------
[ERROR] COMPILATION ERROR : 
[INFO] -------------------------------------------------------------
[ERROR] /C:/Users/86171/Desktop/1/PMS/src/main/java/com/project/pms/config/Ip2RegionConfig.java:[19,24] 找不到符号
  符号:   方法 newWithByteArray(byte[])
  位置: 类 org.lionsoul.ip2region.xdb.Searcher
[ERROR] /C:/Users/86171/Desktop/1/PMS/src/main/java/com/project/pms/config/Ip2RegionConfig.java:[27,24] 找不到符号
  符号:   方法 newWithByteArray(byte[])
  位置: 类 org.lionsoul.ip2region.xdb.Searcher
[INFO] 2 errors 
[INFO] -------------------------------------------------------------
[INFO] ------------------------------------------------------------------------
[INFO] BUILD FAILURE
[INFO] ------------------------------------------------------------------------
[INFO] Total time:  21.399 s
[INFO] Finished at: 2026-04-15T17:21:25+08:00
[INFO] ------------------------------------------------------------------------
[ERROR] Failed to execute goal org.apache.maven.plugins:maven-compiler-plugin:3.8.1:compile (default-compile) on project PMS: Compilation failure: Compilation failure: 
[ERROR] /C:/Users/86171/Desktop/1/PMS/src/main/java/com/project/pms/config/Ip2RegionConfig.java:[19,24] 找不到符号
[ERROR]   符号:   方法 newWithByteArray(byte[])
[ERROR]   位置: 类 org.lionsoul.ip2region.xdb.Searcher
[ERROR] /C:/Users/86171/Desktop/1/PMS/src/main/java/com/project/pms/config/Ip2RegionConfig.java:[27,24] 找不到符号
[ERROR]   符号:   方法 newWithByteArray(byte[])
[ERROR]   位置: 类 org.lionsoul.ip2region.xdb.Searcher
[ERROR] -> [Help 1]
[ERROR] 
[ERROR] To see the full stack trace of the errors, re-run Maven with the -e switch.
[ERROR] Re-run Maven using the -X switch to enable full debug logging.
[ERROR] 
[ERROR] For more information about the errors and possible solutions, please read the following articles:
[ERROR] [Help 1] http://cwiki.apache.org/confluence/display/MAVEN/MojoFailureException
